<?xml version="1.0" encoding="UTF-8"?>
<!-- Generated by org.testng.reporters.JUnitReportReporter -->
<testsuite hostname="IN-926HX14" failures="0" tests="1" name="com.nagarro.flipkart.tests.SearchItemTest" time="6.265" errors="0" timestamp="2024-12-27T11:13:41 IST" skipped="0">
  <testcase classname="com.nagarro.flipkart.tests.SearchItemTest" name="testSearchItem" time="6.265"/>
</testsuite> <!-- com.nagarro.flipkart.tests.SearchItemTest -->
