<?xml version="1.0" encoding="UTF-8"?>
<!-- Generated by org.testng.reporters.JUnitReportReporter -->
<testsuite hostname="IN-926HX14" failures="0" tests="1" name="com.nagarro.flipkart.tests.NavigateToCartPageTest" time="4.773" errors="0" timestamp="2024-12-27T09:46:08 IST" skipped="0">
  <testcase classname="com.nagarro.flipkart.tests.NavigateToCartPageTest" name="testNavigateToCartPage" time="4.773"/>
</testsuite> <!-- com.nagarro.flipkart.tests.NavigateToCartPageTest -->
