<?xml version="1.0" encoding="UTF-8"?>
<!-- Generated by org.testng.reporters.JUnitReportReporter -->
<testsuite hostname="IN-926HX14" failures="0" tests="1" name="com.nagarro.flipkart.tests.AddAndRemoveItemFromCartTest" time="10.349" errors="0" timestamp="2024-12-27T12:12:05 IST" skipped="0">
  <testcase classname="com.nagarro.flipkart.tests.AddAndRemoveItemFromCartTest" name="testAddAndRemoveFromCart" time="10.349"/>
</testsuite> <!-- com.nagarro.flipkart.tests.AddAndRemoveItemFromCartTest -->
