<?xml version="1.0" encoding="UTF-8"?>
<!-- Generated by org.testng.reporters.JUnitReportReporter -->
<testsuite hostname="IN-926HX14" failures="0" tests="6" name="com.nagarro.flipkart.tests.CareersPageTest" time="41.881" errors="0" timestamp="2024-12-27T09:46:08 IST" skipped="1">
  <testcase classname="com.nagarro.flipkart.tests.CareersPageTest" name="testNavigateToCareersPage" time="8.041"/>
  <testcase classname="com.nagarro.flipkart.tests.CareersPageTest" name="testNavigatetoJobsPage" time="7.869"/>
  <testcase classname="com.nagarro.flipkart.tests.CareersPageTest" name="testNavigatetoInterviewResourcesPage" time="7.688"/>
  <testcase classname="com.nagarro.flipkart.tests.CareersPageTest" name="testNavigatetoLifeAtFlipkartPage" time="7.947"/>
  <testcase classname="com.nagarro.flipkart.tests.CareersPageTest" name="testCandidateLoginWithoutRecaptcha" time="10.336"/>
  <testcase classname="com.nagarro.flipkart.tests.CareersPageTest" name="testForgotPasswordPage">
    <skipped/>
  </testcase> <!-- testForgotPasswordPage -->
</testsuite> <!-- com.nagarro.flipkart.tests.CareersPageTest -->
