<?xml version="1.0" encoding="UTF-8"?>
<!-- Generated by org.testng.reporters.JUnitReportReporter -->
<testsuite hostname="IN-926HX14" failures="0" tests="1" name="com.nagarro.flipkart.tests.SaveForLaterTest" time="10.273" errors="0" timestamp="2024-12-27T11:19:37 IST" skipped="0">
  <testcase classname="com.nagarro.flipkart.tests.SaveForLaterTest" name="testSaveForLater" time="10.273"/>
</testsuite> <!-- com.nagarro.flipkart.tests.SaveForLaterTest -->
